TN:
SF:src\alerts.js
FN:1,checkAlerts
FNF:1
FNH:1
FNDA:7,checkAlerts
DA:1,7
DA:2,7
DA:3,7
DA:4,7
DA:5,7
DA:6,7
DA:7,7
DA:8,7
DA:9,2
DA:10,2
DA:11,2
DA:12,2
DA:13,2
DA:14,2
DA:15,2
DA:16,7
DA:17,1
DA:18,1
LF:18
LH:18
BRDA:1,0,0,7
BRDA:4,1,0,6
BRDA:5,2,0,5
BRDA:8,3,0,2
BRF:4
BRH:4
end_of_record
TN:
SF:src\app.js
FN:6,createApp
FN:25,authenticate
FNF:2
FNH:2
FNDA:1,createApp
FNDA:13,authenticate
DA:1,1
DA:2,1
DA:3,1
DA:4,1
DA:5,1
DA:6,1
DA:7,1
DA:8,1
DA:9,1
DA:10,1
DA:11,1
DA:12,1
DA:13,1
DA:14,1
DA:15,1
DA:16,1
DA:17,1
DA:18,1
DA:19,1
DA:20,1
DA:21,1
DA:22,1
DA:23,1
DA:24,1
DA:25,1
DA:26,13
DA:27,13
DA:28,1
DA:29,1
DA:30,1
DA:31,1
DA:32,1
DA:33,12
DA:34,1
DA:35,1
DA:36,1
DA:37,3
DA:38,3
DA:39,3
DA:40,3
DA:41,2
DA:42,2
DA:43,2
DA:44,1
DA:45,1
DA:46,1
DA:47,1
DA:48,1
DA:49,2
DA:50,3
DA:51,3
DA:52,3
DA:53,3
DA:54,3
DA:55,3
DA:56,3
DA:57,1
DA:58,1
DA:59,1
DA:60,4
DA:61,4
DA:62,4
DA:63,4
DA:64,4
DA:65,4
DA:66,4
DA:67,4
DA:68,4
DA:69,4
DA:70,4
DA:71,4
DA:72,4
DA:73,4
DA:74,4
DA:75,4
DA:76,4
DA:77,4
DA:78,4
DA:79,4
DA:80,4
DA:81,4
DA:82,1
DA:83,1
DA:84,1
DA:85,1
DA:86,1
DA:87,1
DA:88,3
DA:89,3
DA:90,3
DA:91,3
DA:92,3
DA:93,3
DA:94,2
DA:95,2
DA:96,2
DA:97,2
DA:98,2
DA:99,2
DA:100,2
DA:101,2
DA:102,2
DA:103,2
DA:104,4
DA:105,1
DA:106,1
DA:107,1
DA:108,1
DA:109,1
DA:110,1
DA:111,1
DA:112,1
DA:113,1
DA:114,1
DA:115,4
DA:116,4
DA:117,4
DA:118,1
DA:119,1
DA:120,1
DA:121,1
DA:122,1
DA:123,3
DA:124,3
DA:125,3
DA:126,3
DA:127,3
DA:128,1
DA:129,1
DA:130,1
DA:131,1
DA:132,1
DA:133,4
DA:134,2
DA:135,1
DA:136,1
DA:137,1
DA:138,1
DA:139,1
DA:140,1
DA:141,1
DA:142,1
DA:143,1
DA:144,1
DA:145,1
DA:146,1
DA:147,1
DA:148,1
DA:149,1
DA:150,1
DA:151,1
DA:152,1
DA:153,1
DA:154,1
DA:155,1
DA:156,3
DA:157,3
DA:158,3
DA:159,1
DA:160,1
DA:161,1
DA:162,1
DA:163,1
DA:164,2
DA:165,2
DA:166,2
DA:167,2
DA:168,2
DA:169,2
DA:170,2
DA:171,2
DA:172,3
DA:173,3
DA:174,3
DA:175,3
DA:176,3
DA:177,3
DA:178,3
DA:179,3
DA:180,3
DA:181,3
DA:182,3
DA:183,3
DA:184,3
DA:185,3
DA:186,3
DA:187,3
DA:188,3
DA:189,1
DA:190,1
DA:191,1
DA:192,1
DA:193,1
DA:194,1
DA:195,1
DA:196,1
DA:197,1
DA:198,1
DA:199,1
DA:200,1
DA:201,1
DA:202,1
DA:203,1
DA:204,1
DA:205,1
DA:206,1
DA:207,1
DA:208,2
DA:209,2
DA:210,2
DA:211,2
DA:212,2
DA:213,2
DA:214,2
DA:215,2
DA:216,2
DA:217,0
DA:218,0
DA:219,0
DA:220,0
DA:221,0
DA:222,2
DA:223,2
DA:224,2
DA:225,2
DA:226,2
DA:227,2
DA:228,2
DA:229,2
DA:230,2
DA:231,2
DA:232,2
DA:233,2
DA:234,2
DA:235,2
DA:236,2
DA:237,2
DA:238,1
DA:239,1
DA:240,1
DA:241,1
DA:242,1
DA:243,1
DA:244,1
DA:245,1
DA:246,1
DA:247,1
DA:248,1
DA:249,1
DA:250,1
DA:251,1
DA:252,1
DA:253,1
DA:254,1
DA:255,1
DA:256,1
DA:257,1
DA:258,3
DA:259,3
DA:260,3
DA:261,3
DA:262,3
DA:263,3
DA:264,3
DA:265,3
DA:266,3
DA:267,0
DA:268,0
DA:269,0
DA:270,0
DA:271,0
DA:272,3
DA:273,3
DA:274,3
DA:275,3
DA:276,3
DA:277,3
DA:278,3
DA:279,3
DA:280,3
DA:281,1
DA:282,1
DA:283,1
DA:284,1
DA:285,1
DA:286,1
DA:287,1
DA:288,3
DA:289,2
DA:290,2
DA:291,1
DA:292,1
DA:293,1
DA:294,1
DA:295,1
DA:296,1
DA:297,1
DA:298,1
DA:299,1
DA:300,1
DA:301,1
DA:302,1
DA:303,1
DA:304,1
DA:305,1
DA:306,1
DA:307,1
DA:308,1
DA:309,1
DA:310,1
LF:310
LH:300
BRDA:6,0,0,1
BRDA:25,1,0,13
BRDA:27,2,0,12
BRDA:27,3,0,1
BRDA:32,4,0,12
BRDA:36,5,0,3
BRDA:40,6,0,2
BRDA:41,7,0,0
BRDA:41,8,0,0
BRDA:43,9,0,1
BRDA:59,10,0,4
BRDA:60,11,0,0
BRDA:65,12,0,0
BRDA:81,13,0,1
BRDA:87,14,0,3
BRDA:93,15,0,2
BRDA:104,16,0,1
BRDA:114,17,0,4
BRDA:117,18,0,1
BRDA:122,19,0,3
BRDA:127,20,0,1
BRDA:133,21,0,2
BRDA:134,22,0,1
BRDA:134,23,0,1
BRDA:134,24,0,1
BRDA:155,25,0,3
BRDA:158,26,0,1
BRDA:163,27,0,2
BRDA:172,28,0,0
BRDA:176,29,0,1
BRDA:177,30,0,2
BRDA:178,31,0,2
BRDA:179,32,0,2
BRDA:180,33,0,2
BRDA:180,34,0,2
BRDA:180,35,0,0
BRDA:188,36,0,1
BRDA:207,37,0,2
BRDA:216,38,0,0
BRDA:223,39,0,0
BRDA:237,40,0,1
BRDA:257,41,0,3
BRDA:266,42,0,0
BRDA:280,43,0,1
BRDA:288,44,0,2
BRDA:290,45,0,1
BRDA:290,46,0,1
BRDA:290,47,0,1
BRDA:290,48,0,1
BRDA:286,49,0,1
BRF:50
BRH:41
end_of_record
TN:
SF:src\elastic.js
FN:5,buildAuth
FN:21,buildTls
FN:31,getElastic
FNF:3
FNH:3
FNDA:3,buildAuth
FNDA:3,buildTls
FNDA:4,getElastic
DA:1,1
DA:2,1
DA:3,1
DA:4,1
DA:5,3
DA:6,3
DA:7,3
DA:8,1
DA:9,1
DA:10,2
DA:11,2
DA:12,2
DA:13,2
DA:14,3
DA:15,1
DA:16,1
DA:17,1
DA:18,1
DA:19,1
DA:20,1
DA:21,3
DA:22,3
DA:23,3
DA:24,3
DA:25,1
DA:26,1
DA:27,2
DA:28,2
DA:29,2
DA:30,1
DA:31,4
DA:32,4
DA:33,0
DA:34,0
DA:35,4
DA:36,4
DA:37,4
DA:38,4
DA:39,4
DA:40,1
DA:41,1
DA:42,1
DA:43,1
DA:44,1
DA:45,1
DA:46,1
DA:47,1
DA:48,1
DA:49,1
DA:50,1
DA:51,1
DA:52,1
DA:53,1
DA:54,3
DA:55,4
DA:56,4
DA:57,4
DA:58,4
DA:59,4
DA:60,4
DA:61,4
DA:62,4
DA:63,2
DA:64,2
DA:65,3
DA:66,3
DA:67,1
DA:68,1
DA:69,3
DA:70,3
DA:71,2
DA:72,2
DA:73,3
DA:74,3
DA:75,1
DA:76,1
DA:77,3
DA:78,3
DA:79,3
DA:80,3
DA:81,3
DA:82,3
DA:83,3
DA:84,3
DA:85,3
DA:86,3
DA:87,3
DA:88,3
DA:89,3
DA:90,0
DA:91,0
DA:92,0
DA:93,0
DA:94,0
DA:95,0
DA:96,0
DA:97,0
DA:98,0
DA:99,0
DA:100,4
DA:101,1
DA:102,1
LF:102
LH:90
BRDA:5,0,0,3
BRDA:7,1,0,1
BRDA:9,2,0,2
BRDA:14,3,0,1
BRDA:14,4,0,1
BRDA:21,5,0,3
BRDA:24,6,0,1
BRDA:26,7,0,2
BRDA:31,8,0,4
BRDA:32,9,0,0
BRDA:39,10,0,2
BRDA:39,11,0,1
BRDA:53,12,0,3
BRDA:56,13,0,3
BRDA:62,14,0,3
BRDA:62,15,0,2
BRDA:66,16,0,1
BRDA:70,17,0,2
BRDA:74,18,0,1
BRDA:89,19,0,0
BRF:20
BRH:18
end_of_record
